<?xml version="1.0" encoding="UTF-8"?>
<testng-results ignored="0" total="2" passed="2" failed="0" skipped="0">
  <reporter-output>
  </reporter-output>
  <suite started-at="2023-04-17T09:26:38Z" name="Default suite" finished-at="2023-04-17T09:27:35Z" duration-ms="56718">
    <groups>
    </groups>
    <test started-at="2023-04-17T09:26:38Z" name="Default test" finished-at="2023-04-17T09:27:35Z" duration-ms="56718">
      <class name="Webdrive.Topic_04_Run_On_Browner">
        <test-method signature="TC_01_Url()[pri:0, instance:Webdrive.Topic_04_Run_On_Browner@3bf7ca37]" started-at="2023-04-17T09:26:38Z" name="TC_01_Url" finished-at="2023-04-17T09:26:59Z" duration-ms="21162" status="PASS">
          <reporter-output>
          </reporter-output>
        </test-method> <!-- TC_01_Url -->
        <test-method signature="TC_02_Logo()[pri:0, instance:Webdrive.Topic_04_Run_On_Browner@3bf7ca37]" started-at="2023-04-17T09:26:59Z" name="TC_02_Logo" finished-at="2023-04-17T09:27:35Z" duration-ms="35457" status="PASS">
          <reporter-output>
          </reporter-output>
        </test-method> <!-- TC_02_Logo -->
      </class> <!-- Webdrive.Topic_04_Run_On_Browner -->
    </test> <!-- Default test -->
  </suite> <!-- Default suite -->
</testng-results>
