<?xml version="1.0" encoding="UTF-8"?>
<testng-results ignored="0" total="3" passed="3" failed="0" skipped="0">
  <reporter-output>
  </reporter-output>
  <suite started-at="2023-03-30T09:03:56Z" name="Default suite" finished-at="2023-03-30T09:04:37Z" duration-ms="40420">
    <groups>
    </groups>
    <test started-at="2023-03-30T09:03:56Z" name="Default test" finished-at="2023-03-30T09:04:37Z" duration-ms="40420">
      <class name="TEST.Topic_01_Check_Environment">
        <test-method is-config="true" signature="beforeClass()[pri:0, instance:TEST.Topic_01_Check_Environment@752325ad]" started-at="2023-03-30T09:03:56Z" name="beforeClass" finished-at="2023-03-30T09:04:21Z" duration-ms="24761" status="PASS">
          <reporter-output>
          </reporter-output>
        </test-method> <!-- beforeClass -->
        <test-method signature="TC_01_Url()[pri:0, instance:TEST.Topic_01_Check_Environment@752325ad]" started-at="2023-03-30T09:04:21Z" name="TC_01_Url" finished-at="2023-03-30T09:04:21Z" duration-ms="389" status="PASS">
          <reporter-output>
          </reporter-output>
        </test-method> <!-- TC_01_Url -->
        <test-method signature="TC_02_Logo()[pri:0, instance:TEST.Topic_01_Check_Environment@752325ad]" started-at="2023-03-30T09:04:21Z" name="TC_02_Logo" finished-at="2023-03-30T09:04:24Z" duration-ms="2537" status="PASS">
          <reporter-output>
          </reporter-output>
        </test-method> <!-- TC_02_Logo -->
        <test-method signature="TC_03_Form()[pri:0, instance:TEST.Topic_01_Check_Environment@752325ad]" started-at="2023-03-30T09:04:24Z" name="TC_03_Form" finished-at="2023-03-30T09:04:24Z" duration-ms="223" status="PASS">
          <reporter-output>
          </reporter-output>
        </test-method> <!-- TC_03_Form -->
        <test-method is-config="true" signature="afterClass()[pri:0, instance:TEST.Topic_01_Check_Environment@752325ad]" started-at="2023-03-30T09:04:24Z" name="afterClass" finished-at="2023-03-30T09:04:37Z" duration-ms="12470" status="PASS">
          <reporter-output>
          </reporter-output>
        </test-method> <!-- afterClass -->
      </class> <!-- TEST.Topic_01_Check_Environment -->
    </test> <!-- Default test -->
  </suite> <!-- Default suite -->
</testng-results>
